android/shared/build/intermediates/manifest_merge_blame_file/debug/processDebugManifest/manifest-merger-blame-debug-report.txt
1<?xml version="1.0" encoding="utf-8"?>
2<manifest xmlns:android="http://schemas.android.com/apk/res/android"
3    package="com.bazarlink.shared" >
4
5    <uses-sdk android:minSdkVersion="26" />
6
7    <uses-permission android:name="android.permission.INTERNET" />
7-->src\main\AndroidManifest.xml:2:5-67
7-->src\main\AndroidManifest.xml:2:22-64
8    <uses-permission android:name="android.permission.CAMERA" />
8-->src\main\AndroidManifest.xml:3:5-65
8-->src\main\AndroidManifest.xml:3:22-62
9
10    <uses-feature
10-->src\main\AndroidManifest.xml:4:5-85
11        android:name="android.hardware.camera"
11-->src\main\AndroidManifest.xml:4:19-57
12        android:required="false" />
12-->src\main\AndroidManifest.xml:4:58-82
13
14</manifest>